2026-04-26 16:51:48,110  INFO      ai_advisor — Starting AI analysis for Mochi
2026-04-26 16:51:48,114  INFO      ai_advisor — Retrieved 6/16 entries for Mochi (dog, adult)
2026-04-26 16:51:48,114  INFO      ai_advisor — No API key — returning demo suggestions for Mochi
2026-04-26 16:56:09,630  ERROR     asyncio — Task exception was never retrieved
future: <Task finished name='Task-795' coro=<WebSocketProtocol13.write_message.<locals>.wrapper() done, defined at /Library/Frameworks/Python.framework/Versions/3.14/lib/python3.14/site-packages/tornado/websocket.py:1111> exception=WebSocketClosedError()>
Traceback (most recent call last):
  File "/Library/Frameworks/Python.framework/Versions/3.14/lib/python3.14/site-packages/tornado/websocket.py", line 1113, in wrapper
    await fut
tornado.iostream.StreamClosedError: Stream is closed

During handling of the above exception, another exception occurred:

Traceback (most recent call last):
  File "/Library/Frameworks/Python.framework/Versions/3.14/lib/python3.14/site-packages/tornado/websocket.py", line 1115, in wrapper
    raise WebSocketClosedError()
tornado.websocket.WebSocketClosedError
2026-04-26 17:01:37,146  INFO      ai_advisor — Starting AI analysis for Buddy
2026-04-26 17:01:37,149  INFO      ai_advisor — Retrieved 6/16 entries for Buddy (dog, adult)
2026-04-26 17:01:37,149  INFO      ai_advisor — No API key — returning demo suggestions for Buddy
2026-04-26 17:02:32,898  INFO      ai_advisor — Starting AI analysis for Luna
2026-04-26 17:02:32,901  INFO      ai_advisor — Retrieved 6/16 entries for Luna (cat, adult)
2026-04-26 17:02:32,902  INFO      ai_advisor — No API key — returning demo suggestions for Luna
2026-04-26 17:02:42,806  INFO      ai_advisor — Starting AI analysis for Luna
2026-04-26 17:02:42,811  INFO      ai_advisor — Retrieved 6/16 entries for Luna (cat, adult)
2026-04-26 17:02:42,811  INFO      ai_advisor — No API key — returning demo suggestions for Luna
2026-04-26 17:07:28,312  INFO      ai_advisor — Starting AI analysis for Buddy
2026-04-26 17:07:28,322  INFO      ai_advisor — Retrieved 6/16 entries for Buddy (dog, adult)
2026-04-26 17:07:28,322  INFO      ai_advisor — No API key — returning demo suggestions for Buddy
2026-04-26 17:12:37,331  INFO      ai_advisor — Starting AI analysis for Buddy
2026-04-26 17:12:37,364  INFO      ai_advisor — Retrieved 6/16 entries for Buddy (dog, adult)
2026-04-26 17:12:37,365  INFO      ai_advisor — No API key — returning demo suggestions for Buddy
